Дата вызова функции: 19.04.2024
Время вызова функции: 19:08:01.191642
Имя функции: hello_world
Аргументы функции: () and {}
результат выполнения функции: Hello World
Дата вызова функции: 19.04.2024
Время вызова функции: 19:08:01.191642
Имя функции: summarize
Аргументы функции: (2, 2) and {}
результат выполнения функции: 4
Дата вызова функции: 19.04.2024
Время вызова функции: 19:08:01.191642
Имя функции: div
Аргументы функции: (6, 2) and {}
результат выполнения функции: 3.0
Дата вызова функции: 19.04.2024
Время вызова функции: 19:08:01.191642
Имя функции: summarize
Аргументы функции: (4.3,) and {'b': 2.2}
результат выполнения функции: 6.5
Дата вызова функции: 19.04.2024
Время вызова функции: 19:08:01.207266
Имя функции: summarize
Аргументы функции: () and {'a': 0, 'b': 0}
результат выполнения функции: 0
